13:08:54 **** Incremental Build of configuration Debug for project 15_DMA_Memory_to_Memory ****
make -j12 all 
arm-none-eabi-gcc "../Src/main.c" -mcpu=cortex-m4 -std=gnu11 -g3 -DUSE_HAL_DRIVER -DSTM32L476xx -c -I../Inc -I"C:/Users/manohar kuduchella/STM32CubeIDE/stm32l4_workspace/14_Uart_DMA/Drivers/CMSIS/Device/ST/STM32L4xx/Include" -I"C:/Users/manohar kuduchella/STM32CubeIDE/stm32l4_workspace/14_Uart_DMA/Drivers/CMSIS/Include" -I"C:/Users/manohar kuduchella/STM32CubeIDE/stm32l4_workspace/14_Uart_DMA/Drivers/STM32L4xx_HAL_Driver/Inc" -O0 -ffunction-sections -fdata-sections -Wall -fstack-usage -fcyclomatic-complexity -MMD -MP -MF"Src/main.d" -MT"Src/main.o" --specs=nano.specs -mfpu=fpv4-sp-d16 -mfloat-abi=hard -mthumb -o "Src/main.o"
arm-none-eabi-gcc "../Drivers/STM32L4xx_HAL_Driver/Src/stm32l4xx_hal.c" -mcpu=cortex-m4 -std=gnu11 -g3 -DUSE_HAL_DRIVER -DSTM32L476xx -c -I../Inc -I"C:/Users/manohar kuduchella/STM32CubeIDE/stm32l4_workspace/14_Uart_DMA/Drivers/CMSIS/Device/ST/STM32L4xx/Include" -I"C:/Users/manohar kuduchella/STM32CubeIDE/stm32l4_workspace/14_Uart_DMA/Drivers/CMSIS/Include" -I"C:/Users/manohar kuduchella/STM32CubeIDE/stm32l4_workspace/14_Uart_DMA/Drivers/STM32L4xx_HAL_Driver/Inc" -O0 -ffunction-sections -fdata-sections -Wall -fstack-usage -fcyclomatic-complexity -MMD -MP -MF"Drivers/STM32L4xx_HAL_Driver/Src/stm32l4xx_hal.d" -MT"Drivers/STM32L4xx_HAL_Driver/Src/stm32l4xx_hal.o" --specs=nano.specs -mfpu=fpv4-sp-d16 -mfloat-abi=hard -mthumb -o "Drivers/STM32L4xx_HAL_Driver/Src/stm32l4xx_hal.o"
arm-none-eabi-gcc "../Drivers/STM32L4xx_HAL_Driver/Src/stm32l4xx_hal_cortex.c" -mcpu=cortex-m4 -std=gnu11 -g3 -DUSE_HAL_DRIVER -DSTM32L476xx -c -I../Inc -I"C:/Users/manohar kuduchella/STM32CubeIDE/stm32l4_workspace/14_Uart_DMA/Drivers/CMSIS/Device/ST/STM32L4xx/Include" -I"C:/Users/manohar kuduchella/STM32CubeIDE/stm32l4_workspace/14_Uart_DMA/Drivers/CMSIS/Include" -I"C:/Users/manohar kuduchella/STM32CubeIDE/stm32l4_workspace/14_Uart_DMA/Drivers/STM32L4xx_HAL_Driver/Inc" -O0 -ffunction-sections -fdata-sections -Wall -fstack-usage -fcyclomatic-complexity -MMD -MP -MF"Drivers/STM32L4xx_HAL_Driver/Src/stm32l4xx_hal_cortex.d" -MT"Drivers/STM32L4xx_HAL_Driver/Src/stm32l4xx_hal_cortex.o" --specs=nano.specs -mfpu=fpv4-sp-d16 -mfloat-abi=hard -mthumb -o "Drivers/STM32L4xx_HAL_Driver/Src/stm32l4xx_hal_cortex.o"
arm-none-eabi-gcc "../Drivers/STM32L4xx_HAL_Driver/Src/stm32l4xx_hal_dma.c" -mcpu=cortex-m4 -std=gnu11 -g3 -DUSE_HAL_DRIVER -DSTM32L476xx -c -I../Inc -I"C:/Users/manohar kuduchella/STM32CubeIDE/stm32l4_workspace/14_Uart_DMA/Drivers/CMSIS/Device/ST/STM32L4xx/Include" -I"C:/Users/manohar kuduchella/STM32CubeIDE/stm32l4_workspace/14_Uart_DMA/Drivers/CMSIS/Include" -I"C:/Users/manohar kuduchella/STM32CubeIDE/stm32l4_workspace/14_Uart_DMA/Drivers/STM32L4xx_HAL_Driver/Inc" -O0 -ffunction-sections -fdata-sections -Wall -fstack-usage -fcyclomatic-complexity -MMD -MP -MF"Drivers/STM32L4xx_HAL_Driver/Src/stm32l4xx_hal_dma.d" -MT"Drivers/STM32L4xx_HAL_Driver/Src/stm32l4xx_hal_dma.o" --specs=nano.specs -mfpu=fpv4-sp-d16 -mfloat-abi=hard -mthumb -o "Drivers/STM32L4xx_HAL_Driver/Src/stm32l4xx_hal_dma.o"
arm-none-eabi-gcc "../Drivers/STM32L4xx_HAL_Driver/Src/stm32l4xx_hal_dma_ex.c" -mcpu=cortex-m4 -std=gnu11 -g3 -DUSE_HAL_DRIVER -DSTM32L476xx -c -I../Inc -I"C:/Users/manohar kuduchella/STM32CubeIDE/stm32l4_workspace/14_Uart_DMA/Drivers/CMSIS/Device/ST/STM32L4xx/Include" -I"C:/Users/manohar kuduchella/STM32CubeIDE/stm32l4_workspace/14_Uart_DMA/Drivers/CMSIS/Include" -I"C:/Users/manohar kuduchella/STM32CubeIDE/stm32l4_workspace/14_Uart_DMA/Drivers/STM32L4xx_HAL_Driver/Inc" -O0 -ffunction-sections -fdata-sections -Wall -fstack-usage -fcyclomatic-complexity -MMD -MP -MF"Drivers/STM32L4xx_HAL_Driver/Src/stm32l4xx_hal_dma_ex.d" -MT"Drivers/STM32L4xx_HAL_Driver/Src/stm32l4xx_hal_dma_ex.o" --specs=nano.specs -mfpu=fpv4-sp-d16 -mfloat-abi=hard -mthumb -o "Drivers/STM32L4xx_HAL_Driver/Src/stm32l4xx_hal_dma_ex.o"
arm-none-eabi-gcc "../Drivers/STM32L4xx_HAL_Driver/Src/stm32l4xx_hal_exti.c" -mcpu=cortex-m4 -std=gnu11 -g3 -DUSE_HAL_DRIVER -DSTM32L476xx -c -I../Inc -I"C:/Users/manohar kuduchella/STM32CubeIDE/stm32l4_workspace/14_Uart_DMA/Drivers/CMSIS/Device/ST/STM32L4xx/Include" -I"C:/Users/manohar kuduchella/STM32CubeIDE/stm32l4_workspace/14_Uart_DMA/Drivers/CMSIS/Include" -I"C:/Users/manohar kuduchella/STM32CubeIDE/stm32l4_workspace/14_Uart_DMA/Drivers/STM32L4xx_HAL_Driver/Inc" -O0 -ffunction-sections -fdata-sections -Wall -fstack-usage -fcyclomatic-complexity -MMD -MP -MF"Drivers/STM32L4xx_HAL_Driver/Src/stm32l4xx_hal_exti.d" -MT"Drivers/STM32L4xx_HAL_Driver/Src/stm32l4xx_hal_exti.o" --specs=nano.specs -mfpu=fpv4-sp-d16 -mfloat-abi=hard -mthumb -o "Drivers/STM32L4xx_HAL_Driver/Src/stm32l4xx_hal_exti.o"
arm-none-eabi-gcc "../Drivers/STM32L4xx_HAL_Driver/Src/stm32l4xx_hal_flash.c" -mcpu=cortex-m4 -std=gnu11 -g3 -DUSE_HAL_DRIVER -DSTM32L476xx -c -I../Inc -I"C:/Users/manohar kuduchella/STM32CubeIDE/stm32l4_workspace/14_Uart_DMA/Drivers/CMSIS/Device/ST/STM32L4xx/Include" -I"C:/Users/manohar kuduchella/STM32CubeIDE/stm32l4_workspace/14_Uart_DMA/Drivers/CMSIS/Include" -I"C:/Users/manohar kuduchella/STM32CubeIDE/stm32l4_workspace/14_Uart_DMA/Drivers/STM32L4xx_HAL_Driver/Inc" -O0 -ffunction-sections -fdata-sections -Wall -fstack-usage -fcyclomatic-complexity -MMD -MP -MF"Drivers/STM32L4xx_HAL_Driver/Src/stm32l4xx_hal_flash.d" -MT"Drivers/STM32L4xx_HAL_Driver/Src/stm32l4xx_hal_flash.o" --specs=nano.specs -mfpu=fpv4-sp-d16 -mfloat-abi=hard -mthumb -o "Drivers/STM32L4xx_HAL_Driver/Src/stm32l4xx_hal_flash.o"
arm-none-eabi-gcc "../Drivers/STM32L4xx_HAL_Driver/Src/stm32l4xx_hal_flash_ex.c" -mcpu=cortex-m4 -std=gnu11 -g3 -DUSE_HAL_DRIVER -DSTM32L476xx -c -I../Inc -I"C:/Users/manohar kuduchella/STM32CubeIDE/stm32l4_workspace/14_Uart_DMA/Drivers/CMSIS/Device/ST/STM32L4xx/Include" -I"C:/Users/manohar kuduchella/STM32CubeIDE/stm32l4_workspace/14_Uart_DMA/Drivers/CMSIS/Include" -I"C:/Users/manohar kuduchella/STM32CubeIDE/stm32l4_workspace/14_Uart_DMA/Drivers/STM32L4xx_HAL_Driver/Inc" -O0 -ffunction-sections -fdata-sections -Wall -fstack-usage -fcyclomatic-complexity -MMD -MP -MF"Drivers/STM32L4xx_HAL_Driver/Src/stm32l4xx_hal_flash_ex.d" -MT"Drivers/STM32L4xx_HAL_Driver/Src/stm32l4xx_hal_flash_ex.o" --specs=nano.specs -mfpu=fpv4-sp-d16 -mfloat-abi=hard -mthumb -o "Drivers/STM32L4xx_HAL_Driver/Src/stm32l4xx_hal_flash_ex.o"
arm-none-eabi-gcc "../Drivers/STM32L4xx_HAL_Driver/Src/stm32l4xx_hal_flash_ramfunc.c" -mcpu=cortex-m4 -std=gnu11 -g3 -DUSE_HAL_DRIVER -DSTM32L476xx -c -I../Inc -I"C:/Users/manohar kuduchella/STM32CubeIDE/stm32l4_workspace/14_Uart_DMA/Drivers/CMSIS/Device/ST/STM32L4xx/Include" -I"C:/Users/manohar kuduchella/STM32CubeIDE/stm32l4_workspace/14_Uart_DMA/Drivers/CMSIS/Include" -I"C:/Users/manohar kuduchella/STM32CubeIDE/stm32l4_workspace/14_Uart_DMA/Drivers/STM32L4xx_HAL_Driver/Inc" -O0 -ffunction-sections -fdata-sections -Wall -fstack-usage -fcyclomatic-complexity -MMD -MP -MF"Drivers/STM32L4xx_HAL_Driver/Src/stm32l4xx_hal_flash_ramfunc.d" -MT"Drivers/STM32L4xx_HAL_Driver/Src/stm32l4xx_hal_flash_ramfunc.o" --specs=nano.specs -mfpu=fpv4-sp-d16 -mfloat-abi=hard -mthumb -o "Drivers/STM32L4xx_HAL_Driver/Src/stm32l4xx_hal_flash_ramfunc.o"
../Drivers/STM32L4xx_HAL_Driver/Src/stm32l4xx_hal.c:36:10: fatal error: stm32l4xx_hal.h: No such file or directory
   36 | #include "stm32l4xx_hal.h"
      |          ^~~~~~~~~~~~~~~~~
compilation terminated.
arm-none-eabi-gcc "../Drivers/STM32L4xx_HAL_Driver/Src/stm32l4xx_hal_gpio.c" -mcpu=cortex-m4 -std=gnu11 -g3 -DUSE_HAL_DRIVER -DSTM32L476xx -c -I../Inc -I"C:/Users/manohar kuduchella/STM32CubeIDE/stm32l4_workspace/14_Uart_DMA/Drivers/CMSIS/Device/ST/STM32L4xx/Include" -I"C:/Users/manohar kuduchella/STM32CubeIDE/stm32l4_workspace/14_Uart_DMA/Drivers/CMSIS/Include" -I"C:/Users/manohar kuduchella/STM32CubeIDE/stm32l4_workspace/14_Uart_DMA/Drivers/STM32L4xx_HAL_Driver/Inc" -O0 -ffunction-sections -fdata-sections -Wall -fstack-usage -fcyclomatic-complexity -MMD -MP -MF"Drivers/STM32L4xx_HAL_Driver/Src/stm32l4xx_hal_gpio.d" -MT"Drivers/STM32L4xx_HAL_Driver/Src/stm32l4xx_hal_gpio.o" --specs=nano.specs -mfpu=fpv4-sp-d16 -mfloat-abi=hard -mthumb -o "Drivers/STM32L4xx_HAL_Driver/Src/stm32l4xx_hal_gpio.o"
../Drivers/STM32L4xx_HAL_Driver/Src/stm32l4xx_hal_dma.c:91:10: fatal error: stm32l4xx_hal.h: No such file or directory
   91 | #include "stm32l4xx_hal.h"
      |          ^~~~~~~~~~~~~~~~~
compilation terminated.
make: *** [Drivers/STM32L4xx_HAL_Driver/Src/subdir.mk:67: Drivers/STM32L4xx_HAL_Driver/Src/stm32l4xx_hal.o] Error 1
make: *** Waiting for unfinished jobs....
../Src/main.c:2:10: fatal error: stm32l4xx_hal.h: No such file or directory
    2 | #include "stm32l4xx_hal.h"
      |          ^~~~~~~~~~~~~~~~~
compilation terminated.
make: *** [Drivers/STM32L4xx_HAL_Driver/Src/subdir.mk:67: Drivers/STM32L4xx_HAL_Driver/Src/stm32l4xx_hal_dma.o] Error 1
../Drivers/STM32L4xx_HAL_Driver/Src/stm32l4xx_hal_cortex.c:104:10: fatal error: stm32l4xx_hal.h: No such file or directory
  104 | #include "stm32l4xx_hal.h"
      |          ^~~~~~~~~~~~~~~~~
compilation terminated.
make: *** [Src/subdir.mk:28: Src/main.o] Error 1
make: *** [Drivers/STM32L4xx_HAL_Driver/Src/subdir.mk:67: Drivers/STM32L4xx_HAL_Driver/Src/stm32l4xx_hal_cortex.o] Error 1
../Drivers/STM32L4xx_HAL_Driver/Src/stm32l4xx_hal_exti.c:86:10: fatal error: stm32l4xx_hal.h: No such file or directory
   86 | #include "stm32l4xx_hal.h"
      |          ^~~~~~~~~~~~~~~~~
compilation terminated.
../Drivers/STM32L4xx_HAL_Driver/Src/stm32l4xx_hal_dma_ex.c:50:10: fatal error: stm32l4xx_hal.h: No such file or directory
   50 | #include "stm32l4xx_hal.h"
      |          ^~~~~~~~~~~~~~~~~
compilation terminated.
../Drivers/STM32L4xx_HAL_Driver/Src/stm32l4xx_hal_flash_ramfunc.c:48:10: fatal error: stm32l4xx_hal.h: No such file or directory
   48 | #include "stm32l4xx_hal.h"
      |          ^~~~~~~~~~~~~~~~~
make: *** [Drivers/STM32L4xx_HAL_Driver/Src/subdir.mk:67: Drivers/STM32L4xx_HAL_Driver/Src/stm32l4xx_hal_exti.o] Error 1
compilation terminated.
../Drivers/STM32L4xx_HAL_Driver/Src/stm32l4xx_hal_flash_ex.c:61:10: fatal error: stm32l4xx_hal.h: No such file or directory
   61 | #include "stm32l4xx_hal.h"
      |          ^~~~~~~~~~~~~~~~~
compilation terminated.
../Drivers/STM32L4xx_HAL_Driver/Src/stm32l4xx_hal_flash.c:88:10: fatal error: stm32l4xx_hal.h: No such file or directory
   88 | #include "stm32l4xx_hal.h"
      |          ^~~~~~~~~~~~~~~~~
compilation terminated.
make: *** [Drivers/STM32L4xx_HAL_Driver/Src/subdir.mk:67: Drivers/STM32L4xx_HAL_Driver/Src/stm32l4xx_hal_dma_ex.o] Error 1
make: *** [Drivers/STM32L4xx_HAL_Driver/Src/subdir.mk:67: Drivers/STM32L4xx_HAL_Driver/Src/stm32l4xx_hal_flash_ramfunc.o] Error 1
make: *** [Drivers/STM32L4xx_HAL_Driver/Src/subdir.mk:67: Drivers/STM32L4xx_HAL_Driver/Src/stm32l4xx_hal_flash_ex.o] Error 1
../Drivers/STM32L4xx_HAL_Driver/Src/stm32l4xx_hal_gpio.c:106:10: fatal error: stm32l4xx_hal.h: No such file or directory
  106 | #include "stm32l4xx_hal.h"
      |          ^~~~~~~~~~~~~~~~~
compilation terminated.
make: *** [Drivers/STM32L4xx_HAL_Driver/Src/subdir.mk:67: Drivers/STM32L4xx_HAL_Driver/Src/stm32l4xx_hal_flash.o] Error 1
make: *** [Drivers/STM32L4xx_HAL_Driver/Src/subdir.mk:67: Drivers/STM32L4xx_HAL_Driver/Src/stm32l4xx_hal_gpio.o] Error 1
"make -j12 all" terminated with exit code 2. Build might be incomplete.

13:08:55 Build Failed. 21 errors, 0 warnings. (took 858ms)

